\BOOKMARK [0][-]{part.1}{I Content for the First Exam}{}% 1
\BOOKMARK [1][-]{section*.2}{11emEquations and Inequalities}{part.1}% 2
\BOOKMARK [2][-]{section*.2}{1.11em }{part.1}% 3
\BOOKMARK [2][-]{Item.2}{1.21emCompositions of functions}{part.1}% 4
\BOOKMARK [1][-]{example.4}{21emFunctions}{part.1}% 5
\BOOKMARK [2][-]{section*.3}{2.11emSame or different?}{example.4}% 6
\BOOKMARK [2][-]{Item.14}{2.21emFor each input, exactly one output}{example.4}% 7
\BOOKMARK [2][-]{example.9}{2.31emCompositions of functions}{example.4}% 8
\BOOKMARK [2][-]{example.13}{2.41emInverses of functions}{example.4}% 9
\BOOKMARK [1][-]{example.16}{31emWhat is a limit?}{part.1}% 10
\BOOKMARK [2][-]{section*.4}{3.11emStars and functions}{example.16}% 11
\BOOKMARK [2][-]{Item.50}{3.21emWhat is a limit?}{example.16}% 12
\BOOKMARK [1][-]{Item.84}{41emReview of famous functions}{part.1}% 13
\BOOKMARK [2][-]{section*.9}{4.11emHow crazy could it be?}{Item.84}% 14
\BOOKMARK [2][-]{Item.100}{4.21emPolynomial functions}{Item.84}% 15
\BOOKMARK [1][-]{example.19}{51emReview of famous functions}{part.1}% 16
\BOOKMARK [2][-]{section*.12}{5.11emHow crazy could it be?}{example.19}% 17
\BOOKMARK [2][-]{Item.124}{5.21emRational functions}{example.19}% 18
\BOOKMARK [1][-]{example.20}{61emLimit laws}{part.1}% 19
\BOOKMARK [2][-]{section*.15}{6.11emEqual or not?}{example.20}% 20
\BOOKMARK [2][-]{Item.137}{6.21emContinuity}{example.20}% 21
\BOOKMARK [2][-]{Item.151}{6.31emThe limit laws}{example.20}% 22
\BOOKMARK [2][-]{Item.177}{6.41emThe Squeeze Theorem}{example.20}% 23
\BOOKMARK [1][-]{example.26}{71em\(In\)determinate forms}{part.1}% 24
\BOOKMARK [2][-]{section*.18}{7.11emCould it be anything?}{example.26}% 25
\BOOKMARK [2][-]{problem.3}{7.21emLimits of the form zero over zero}{example.26}% 26
\BOOKMARK [2][-]{example.30}{7.31emLimits of the form nonzero over zero}{example.26}% 27
\BOOKMARK [2][-]{example.33}{7.41emPractice}{example.26}% 28
\BOOKMARK [1][-]{problemType.14}{81emUsing limits to detect asymptotes}{part.1}% 29
\BOOKMARK [2][-]{section*.19}{8.11emZoom out}{problemType.14}% 30
\BOOKMARK [2][-]{problem.2}{8.21emVertical asymptotes}{problemType.14}% 31
\BOOKMARK [2][-]{example.34}{8.31emHorizontal asymptotes}{problemType.14}% 32
\BOOKMARK [2][-]{example.40}{8.41emSlant asymptotes}{problemType.14}% 33
\BOOKMARK [1][-]{example.41}{91emContinuity and the Intermediate Value Theorem}{part.1}% 34
\BOOKMARK [2][-]{section*.23}{9.11emRoxy and Yuri like food}{example.41}% 35
\BOOKMARK [2][-]{problem.3}{9.21emContinuity of piecewise functions}{example.41}% 36
\BOOKMARK [2][-]{example.43}{9.31emThe Intermediate Value Theorem}{example.41}% 37
\BOOKMARK [2][-]{example.48}{9.41emPractice}{example.41}% 38
\BOOKMARK [0][-]{part.2}{II Content for the Second Exam}{}% 39
\BOOKMARK [1][-]{section*.24}{101emAn application of limits}{part.2}% 40
\BOOKMARK [2][-]{section*.24}{10.11emLimits and velocity}{part.2}% 41
\BOOKMARK [2][-]{Item.233}{10.21emInstantaneous velocity}{part.2}% 42
\BOOKMARK [1][-]{example.50}{111emDefinition of the derivative}{part.2}% 43
\BOOKMARK [2][-]{section*.25}{11.11emSlope of a curve}{example.50}% 44
\BOOKMARK [2][-]{Item.245}{11.21emThe definition of the derivative}{example.50}% 45
\BOOKMARK [1][-]{example.54}{121emDerivatives as functions}{part.2}% 46
\BOOKMARK [2][-]{section*.27}{12.11emWait for the right moment}{example.54}% 47
\BOOKMARK [2][-]{problem.2}{12.21emThe derivative as a function}{example.54}% 48
\BOOKMARK [2][-]{Item.267}{12.31emDifferentiability implies continuity}{example.54}% 49
\BOOKMARK [1][-]{example.55}{131emRules of differentiation}{part.2}% 50
\BOOKMARK [2][-]{section*.30}{13.11emPatterns in derivatives}{example.55}% 51
\BOOKMARK [2][-]{problem.4}{13.21emBasic rules of differentiation}{example.55}% 52
\BOOKMARK [1][-]{example.62}{141emProduct rule and quotient rule}{part.2}% 53
\BOOKMARK [2][-]{section*.34}{14.11emDerivatives of products are tricky}{example.62}% 54
\BOOKMARK [2][-]{problem.1}{14.21emThe Product rule and quotient rule}{example.62}% 55
\BOOKMARK [1][-]{example.66}{151emChain rule}{part.2}% 56
\BOOKMARK [2][-]{section*.37}{15.11emAn unnoticed composition}{example.66}% 57
\BOOKMARK [2][-]{Item.283}{15.21emThe chain rule}{example.66}% 58
\BOOKMARK [0][-]{part.3}{III Content for the Third Exam}{}% 59
\BOOKMARK [1][-]{section*.38}{161emReview of famous functions}{part.3}% 60
\BOOKMARK [2][-]{section*.38}{16.11emHow crazy could it be?}{part.3}% 61
\BOOKMARK [2][-]{Item.299}{16.21emExponential and logarithmetic functions}{part.3}% 62
\BOOKMARK [1][-]{question.60}{171emReview of famous functions}{part.3}% 63
\BOOKMARK [2][-]{section*.47}{17.11emHow crazy could it be?}{question.60}% 64
\BOOKMARK [2][-]{Item.317}{17.21emExponential and logarithmetic functions}{question.60}% 65
\BOOKMARK [1][-]{question.65}{181emHigher order derivatives and graphs}{part.3}% 66
\BOOKMARK [2][-]{section*.56}{18.11emRates of rates}{question.65}% 67
\BOOKMARK [2][-]{Item.328}{18.21emHigher order derivatives and graphs}{question.65}% 68
\BOOKMARK [2][-]{example.77}{18.31emConcavity}{question.65}% 69
\BOOKMARK [2][-]{example.78}{18.41emPosition, velocity, and acceleration}{question.65}% 70
\BOOKMARK [1][-]{example.79}{191emReview of famous functions}{part.3}% 71
\BOOKMARK [2][-]{section*.57}{19.11emHow crazy could it be?}{example.79}% 72
\BOOKMARK [2][-]{Item.346}{19.21emTrigonometric functions}{example.79}% 73
\BOOKMARK [1][-]{example.83}{201emReview of famous functions}{part.3}% 74
\BOOKMARK [2][-]{section*.61}{20.11emHow crazy could it be?}{example.83}% 75
\BOOKMARK [2][-]{Item.384}{20.21emTrigonometric functions}{example.83}% 76
\BOOKMARK [1][-]{example.87}{211emMaximums and minimums}{part.3}% 77
\BOOKMARK [2][-]{section*.65}{21.11emMore coffee}{example.87}% 78
\BOOKMARK [2][-]{Item.412}{21.21emMaximums and minimums}{example.87}% 79
\BOOKMARK [0][-]{part.4}{IV Additional content for Autumn Final Exam}{}% 80
\BOOKMARK [1][-]{section*.71}{221emMean Value Theorem}{part.4}% 81
\BOOKMARK [2][-]{section*.71}{22.11emLet's run to class}{part.4}% 82
\BOOKMARK [2][-]{problem.3}{22.21emThe Extreme Value Theorem}{part.4}% 83
\BOOKMARK [2][-]{Item.434}{22.31emThe Mean Value Theorem}{part.4}% 84
\BOOKMARK [1][-]{example.96}{231emOptimization}{part.4}% 85
\BOOKMARK [2][-]{section*.72}{23.11emA mysterious formula}{example.96}% 86
\BOOKMARK [2][-]{problem.2}{23.21emBasic optimization}{example.96}% 87
\BOOKMARK [1][-]{example.99}{241emApplied optimization}{part.4}% 88
\BOOKMARK [2][-]{section*.73}{24.11emVolumes of aluminum cans}{example.99}% 89
\BOOKMARK [2][-]{problem.4}{24.21emApplied optimization}{example.99}% 90
\BOOKMARK [0][-]{part.5}{V Content for the First Exam}{}% 91
\BOOKMARK [1][-]{section*.74}{251emReview of famous functions}{part.5}% 92
\BOOKMARK [2][-]{section*.74}{25.11emHow crazy could it be?}{part.5}% 93
\BOOKMARK [2][-]{Item.461}{25.21emRational functions}{part.5}% 94
\BOOKMARK [1][-]{example.105}{261emReview of famous functions}{part.5}% 95
\BOOKMARK [2][-]{section*.77}{26.11emHow crazy could it be?}{example.105}% 96
\BOOKMARK [2][-]{Item.484}{26.21emRational functions}{example.105}% 97
\BOOKMARK [1][-]{example.106}{271emLinear approximation}{part.5}% 98
\BOOKMARK [2][-]{section*.80}{27.11emReplacing curves with lines}{example.106}% 99
\BOOKMARK [2][-]{problem.2}{27.21emLinear approximation}{example.106}% 100
\BOOKMARK [2][-]{question.86}{27.31emExplanation of the product and chain rules}{example.106}% 101
\BOOKMARK [1][-]{theorem.35}{281emConcepts of graphing functions}{part.5}% 102
\BOOKMARK [2][-]{section*.86}{28.11emWhat's the graph look like?}{theorem.35}% 103
\BOOKMARK [2][-]{Item.503}{28.21emConcepts of graphing functions}{theorem.35}% 104
\BOOKMARK [2][-]{Item.525}{28.31emWanted: graphing procedure}{theorem.35}% 105
\BOOKMARK [2][-]{Item.545}{28.41emComputations for graphing functions}{theorem.35}% 106
\BOOKMARK [1][-]{Item.576}{291emImplicit differentiation}{part.5}% 107
\BOOKMARK [2][-]{section*.87}{29.11emStandard form}{Item.576}% 108
\BOOKMARK [2][-]{problem.2}{29.21emImplicit differentiation}{Item.576}% 109
\BOOKMARK [1][-]{example.119}{301emLogarithmic differentiation}{part.5}% 110
\BOOKMARK [2][-]{section*.90}{30.11emMultiplication to addition}{example.119}% 111
\BOOKMARK [2][-]{problem.4}{30.21emLogarithmic differentiation}{example.119}% 112
\BOOKMARK [0][-]{part.6}{VI Content for the Second Exam}{}% 113
\BOOKMARK [1][-]{section*.93}{311emReview of famous functions}{part.6}% 114
\BOOKMARK [2][-]{section*.93}{31.11emHow crazy could it be?}{part.6}% 115
\BOOKMARK [2][-]{Item.596}{31.21emTrigonometric functions}{part.6}% 116
\BOOKMARK [1][-]{example.126}{321emReview of famous functions}{part.6}% 117
\BOOKMARK [2][-]{section*.97}{32.11emHow crazy could it be?}{example.126}% 118
\BOOKMARK [2][-]{Item.634}{32.21emTrigonometric functions}{example.126}% 119
\BOOKMARK [1][-]{example.130}{331emMore than one rate}{part.6}% 120
\BOOKMARK [2][-]{section*.101}{33.11emA changing circle}{example.130}% 121
\BOOKMARK [2][-]{problem.7}{33.21emMore than one rate}{example.130}% 122
\BOOKMARK [1][-]{example.134}{341emApplied related rates}{part.6}% 123
\BOOKMARK [2][-]{section*.106}{34.11emPizza and calculus, so cheesy}{example.134}% 124
\BOOKMARK [2][-]{Item.669}{34.21emApplied related rates}{example.134}% 125
\BOOKMARK [1][-]{example.142}{351emL'H\364pital's rule}{part.6}% 126
\BOOKMARK [2][-]{section*.111}{35.11emA limitless dialogue}{example.142}% 127
\BOOKMARK [2][-]{problem.2}{35.21emL'H\364pital's rule}{example.142}% 128
\BOOKMARK [1][-]{example.148}{361emAntiderivatives}{part.6}% 129
\BOOKMARK [2][-]{section*.115}{36.11emJeopardy! Of calculus}{example.148}% 130
\BOOKMARK [2][-]{Item.684}{36.21emBasic antiderivatives}{example.148}% 131
\BOOKMARK [2][-]{section*.118}{36.31emFalling objects}{example.148}% 132
\BOOKMARK [1][-]{example.156}{371emDifferential equations}{part.6}% 133
\BOOKMARK [2][-]{section*.119}{37.11emModeling the spread of infectious diseases}{example.156}% 134
\BOOKMARK [2][-]{problem.2}{37.21emDifferential equations}{example.156}% 135
\BOOKMARK [0][-]{part.7}{VII Content for the Third Exam}{}% 136
\BOOKMARK [1][-]{section*.122}{381emApproximating the area under a curve}{part.7}% 137
\BOOKMARK [2][-]{section*.122}{38.11emWhat is area?}{part.7}% 138
\BOOKMARK [2][-]{problem.1}{38.21emApproximating area with rectangles}{part.7}% 139
\BOOKMARK [1][-]{section*.132}{391emDefinite integrals}{part.7}% 140
\BOOKMARK [2][-]{section*.133}{39.11emComputing areas}{section*.132}% 141
\BOOKMARK [2][-]{problem.2}{39.21emThe definite integral}{section*.132}% 142
\BOOKMARK [1][-]{example.164}{401emAntiderivatives and area}{part.7}% 143
\BOOKMARK [2][-]{section*.136}{40.11emMeaning of multiplication}{example.164}% 144
\BOOKMARK [2][-]{problem.1}{40.21emRelating velocity and position, antiderivatives and areas}{example.164}% 145
\BOOKMARK [1][-]{section*.139}{411emFirst Fundamental Theorem of Calculus}{part.7}% 146
\BOOKMARK [2][-]{section*.140}{41.11emWhat's in a calculus problem?}{section*.139}% 147
\BOOKMARK [2][-]{problem.1}{41.21emThe First Fundamental Theorem of Calculus}{section*.139}% 148
\BOOKMARK [1][-]{example.170}{421emSecond Fundamental Theorem of Calculus}{part.7}% 149
\BOOKMARK [2][-]{section*.143}{42.11emA secret of the definite integral}{example.170}% 150
\BOOKMARK [2][-]{problem.2}{42.21emThe Second Fundamental Theorem of Calculus}{example.170}% 151
\BOOKMARK [2][-]{example.175}{42.31emA tale of three integrals}{example.170}% 152
\BOOKMARK [1][-]{Item.731}{431emApplications of integrals}{part.7}% 153
\BOOKMARK [2][-]{section*.148}{43.11emWhat could it represent?}{Item.731}% 154
\BOOKMARK [2][-]{problem.1}{43.21emApplications of integrals}{Item.731}% 155
\BOOKMARK [0][-]{part.8}{VIII Additional content for the Final Exam}{}% 156
\BOOKMARK [1][-]{section*.152}{441emThe idea of substitution}{part.8}% 157
\BOOKMARK [2][-]{section*.152}{44.11emGeometry and substitution}{part.8}% 158
\BOOKMARK [2][-]{problem.1}{44.21emThe idea of substitution}{part.8}% 159
\BOOKMARK [1][-]{example.185}{451emWorking with substitution}{part.8}% 160
\BOOKMARK [2][-]{section*.155}{45.11emIntegrals are puzzles!}{example.185}% 161
\BOOKMARK [2][-]{problem.3}{45.21emWorking with substitution}{example.185}% 162
\BOOKMARK [2][-]{example.192}{45.31emThe Work-Energy Theorem}{example.185}% 163
\BOOKMARK [1][-]{section*.156}{Index}{part.8}% 164
